<?xml version="1.0" encoding="UTF-8"?>
<!-- Generated by org.testng.reporters.JUnitReportReporter -->
<testsuite hostname="LAPTOP-BIM2FR3V" failures="0" tests="1" name="testScenarios.CheckBoxAndRadBtns" time="22.113" errors="0" timestamp="2024-11-26T12:01:10 IST" skipped="0">
  <testcase classname="testScenarios.CheckBoxAndRadBtns" name="radChk" time="22.113"/>
  <system-out/>
</testsuite> <!-- testScenarios.CheckBoxAndRadBtns -->
