<?xml version="1.0" encoding="UTF-8"?>
<!-- Generated by org.testng.reporters.JUnitReportReporter -->
<testsuite hostname="LAPTOP-BIM2FR3V" failures="0" tests="1" name="testScenarios.SwitchingWin" time="7.995" errors="0" timestamp="2024-11-26T12:01:10 IST" skipped="0">
  <testcase classname="testScenarios.SwitchingWin" name="SwitchWindows" time="7.995"/>
  <system-out/>
</testsuite> <!-- testScenarios.SwitchingWin -->
