<?xml version="1.0" encoding="UTF-8"?>
<!-- Generated by org.testng.reporters.JUnitReportReporter -->
<testsuite hostname="LAPTOP-BIM2FR3V" failures="0" tests="1" name="testScenarios.DragAndDrop" time="11.581" errors="0" timestamp="2024-11-26T12:01:10 IST" skipped="0">
  <testcase classname="testScenarios.DragAndDrop" name="MousActions" time="11.581"/>
  <system-out/>
</testsuite> <!-- testScenarios.DragAndDrop -->
