<?xml version="1.0" encoding="UTF-8"?>
<!-- Generated by org.testng.reporters.JUnitReportReporter -->
<testsuite hostname="LAPTOP-BIM2FR3V" failures="0" tests="1" name="testScenarios.DatePicker" time="9.828" errors="0" timestamp="2024-12-11T10:59:39 IST" skipped="0">
  <testcase classname="testScenarios.DatePicker" name="selDate" time="9.828"/>
</testsuite> <!-- testScenarios.DatePicker -->
