<?xml version="1.0" encoding="UTF-8"?>
<!-- Generated by org.testng.reporters.JUnitReportReporter -->
<testsuite hostname="LAPTOP-BIM2FR3V" failures="0" tests="1" name="testScenarios.SwitchingWin" time="7.192" errors="0" timestamp="2024-12-11T10:59:39 IST" skipped="0">
  <testcase classname="testScenarios.SwitchingWin" name="SwitchWindows" time="7.192"/>
</testsuite> <!-- testScenarios.SwitchingWin -->
